#1000 50 75 50 100 3 25
106: start = 0
121: preempt = 0
138: resume = 0
153: preempt = 0
162: resume = 0
177: stop = 0
270: start = 0
285: preempt = 0
308: resume = 0
323: preempt = 0
331: resume = 0
346: stop = 0
478: start = 0
549: stop = 0
639: start = 0
659: preempt = 0
665: resume = 0
685: stop = 0
783: start = 0
803: preempt = 0
811: resume = 0
831: stop = 0
890: start = 0
910: preempt = 0
912: resume = 0
932: stop = 0
1079: start = 0
1099: preempt = 0
1108: resume = 0
1128: stop = 0
1225: start = 0
1290: stop = 0
1413: start = 0
1433: preempt = 0
1448: resume = 0
1468: stop = 0
1553: start = 0
1573: preempt = 0
1579: resume = 0
1599: stop = 0
1741: start = 0
1761: preempt = 0
1786: resume = 0
1806: stop = 0
1910: start = 0
1930: preempt = 0
1943: resume = 0
1963: stop = 0
2049: start = 0
2103: stop = 0
2253: start = 0
2268: preempt = 0
2279: resume = 0
2294: preempt = 0
2319: resume = 0
2334: stop = 0
2433: start = 0
2500: stop = 0
2622: start = 0
2637: preempt = 0
2657: resume = 0
2672: preempt = 0
2685: resume = 0
2700: stop = 0
2760: start = 0
2775: preempt = 0
2795: resume = 0
2810: preempt = 0
2820: resume = 0
2835: stop = 0
2898: start = 0
2963: stop = 0
3039: start = 0
3059: preempt = 0
3060: resume = 0
3080: stop = 0
3216: start = 0
3289: stop = 0
3412: start = 0
3432: preempt = 0
3454: resume = 0
3474: stop = 0
3601: start = 0
3621: preempt = 0
3640: resume = 0
3660: stop = 0
3729: start = 0
3744: preempt = 0
3758: resume = 0
3773: preempt = 0
3797: resume = 0
3812: stop = 0
3910: start = 0
3925: preempt = 0
3930: resume = 0
3945: preempt = 0
3960: resume = 0
3975: stop = 0
4083: start = 0
4144: stop = 0
4214: start = 0
4264: stop = 0
4370: start = 0
4390: preempt = 0
4392: resume = 0
4412: stop = 0
4478: start = 0
4544: stop = 0
4629: start = 0
4644: preempt = 0
4663: resume = 0
4678: preempt = 0
4699: resume = 0
4714: stop = 0
4842: start = 0
4857: preempt = 0
4871: resume = 0
4886: preempt = 0
4895: resume = 0
4910: stop = 0
5055: start = 0
5075: preempt = 0
5095: resume = 0
5115: stop = 0
5250: start = 0
5315: stop = 0
5434: start = 0
5454: preempt = 0
5477: resume = 0
5497: stop = 0
5615: start = 0
5630: preempt = 0
5632: resume = 0
5647: preempt = 0
5652: resume = 0
5667: stop = 0
5725: start = 0
5740: preempt = 0
5741: resume = 0
5756: preempt = 0
5770: resume = 0
5785: stop = 0
5839: start = 0
5897: stop = 0
6021: start = 0
6036: preempt = 0
6048: resume = 0
6063: preempt = 0
6065: resume = 0
6080: stop = 0
6178: start = 0
6240: stop = 0
6328: start = 0
6348: preempt = 0
6358: resume = 0
6378: stop = 0
6469: start = 0
6532: stop = 0
6650: start = 0
6665: preempt = 0
6667: resume = 0
6682: preempt = 0
6697: resume = 0
6712: stop = 0
6861: start = 0
6928: stop = 0
7050: start = 0
7101: stop = 0
7211: start = 0
7231: preempt = 0
7251: resume = 0
7271: stop = 0
7341: start = 0
7361: preempt = 0
7384: resume = 0
7404: stop = 0
7492: start = 0
7512: preempt = 0
7518: resume = 0
7538: stop = 0
7606: start = 0
7621: preempt = 0
7632: resume = 0
7647: preempt = 0
7662: resume = 0
7677: stop = 0
7776: start = 0
7796: preempt = 0
7816: resume = 0
7836: stop = 0
7922: start = 0
7937: preempt = 0
7952: resume = 0
7967: preempt = 0
7978: resume = 0
7993: stop = 0
8094: start = 0
8109: preempt = 0
8110: resume = 0
8125: preempt = 0
8144: resume = 0
8159: stop = 0
8302: start = 0
8317: preempt = 0
8324: resume = 0
8339: preempt = 0
8353: resume = 0
8368: stop = 0
8474: start = 0
8494: preempt = 0
8498: resume = 0
8518: stop = 0
8665: start = 0
8680: preempt = 0
8683: resume = 0
8698: preempt = 0
8722: resume = 0
8737: stop = 0
8839: start = 0
8859: preempt = 0
8862: resume = 0
8882: stop = 0
9019: start = 0
9039: preempt = 0
9044: resume = 0
9064: stop = 0
9183: start = 0
9250: stop = 0
9305: start = 0
9379: stop = 0
9521: start = 0
9589: stop = 0
9730: start = 0
9799: stop = 0
9859: start = 0
9879: preempt = 0
9881: resume = 0
9901: stop = 0
10008: start = 0
10028: preempt = 0
10046: resume = 0
10066: stop = 0
10129: start = 0
10149: preempt = 0
10162: resume = 0
10182: stop = 0
10294: start = 0
10367: stop = 0
10438: start = 0
10453: preempt = 0
10464: resume = 0
10479: preempt = 0
10485: resume = 0
10500: stop = 0
10584: start = 0
10604: preempt = 0
10629: resume = 0
10649: stop = 0
10730: start = 0
10801: stop = 0
10888: start = 0
10903: preempt = 0
10926: resume = 0
10941: preempt = 0
10953: resume = 0
10968: stop = 0
11065: start = 0
11085: preempt = 0
11104: resume = 0
11124: stop = 0
11197: start = 0
11217: preempt = 0
11234: resume = 0
11254: stop = 0
11314: start = 0
11329: preempt = 0
11344: resume = 0
11359: preempt = 0
11360: resume = 0
11375: stop = 0
11444: start = 0
11464: preempt = 0
11480: resume = 0
11500: stop = 0
11588: start = 0
11603: preempt = 0
11610: resume = 0
11625: preempt = 0
11631: resume = 0
11646: stop = 0
11783: start = 0
11803: preempt = 0
11811: resume = 0
11831: stop = 0
11897: start = 0
11912: preempt = 0
11918: resume = 0
11933: preempt = 0
11953: resume = 0
11968: stop = 0
12036: start = 0
12051: preempt = 0
12068: resume = 0
12083: preempt = 0
12087: resume = 0
12102: stop = 0
12156: start = 0
12230: stop = 0
12303: start = 0
12318: preempt = 0
12322: resume = 0
12337: preempt = 0
12361: resume = 0
12376: stop = 0
12476: start = 0
12496: preempt = 0
12520: resume = 0
12540: stop = 0
12661: start = 0
12681: preempt = 0
12695: resume = 0
12715: stop = 0
12802: start = 0
12817: preempt = 0
12828: resume = 0
12843: preempt = 0
12847: resume = 0
12862: stop = 0
13010: start = 0
13025: preempt = 0
13050: resume = 0
13065: preempt = 0
13066: resume = 0
13081: stop = 0
13225: start = 0
13287: stop = 0
13392: start = 0
13451: stop = 0
13555: start = 0
13575: preempt = 0
13591: resume = 0
13611: stop = 0
13755: start = 0
13770: preempt = 0
13784: resume = 0
13799: preempt = 0
13801: resume = 0
13816: stop = 0
13904: start = 0
13962: stop = 0
14033: start = 0
14053: preempt = 0
14075: resume = 0
14095: stop = 0
14214: start = 0
14234: preempt = 0
14241: resume = 0
14261: stop = 0
14352: start = 0
14367: preempt = 0
14387: resume = 0
14402: preempt = 0
14410: resume = 0
14425: stop = 0
14550: start = 0
14616: stop = 0
14697: start = 0
14712: preempt = 0
14721: resume = 0
14736: preempt = 0
14756: resume = 0
14771: stop = 0
14896: start = 0
14911: preempt = 0
14936: resume = 0
14951: preempt = 0
14965: resume = 0
14980: stop = 0
15036: start = 0
15051: preempt = 0
15055: resume = 0
15070: preempt = 0
15082: resume = 0
15097: stop = 0
15229: start = 0
15292: stop = 0
15408: start = 0
15423: preempt = 0
15442: resume = 0
15457: preempt = 0
15471: resume = 0
15486: stop = 0
15609: start = 0
15624: preempt = 0
15628: resume = 0
15643: preempt = 0
15661: resume = 0
15676: stop = 0
15753: start = 0
15768: preempt = 0
15780: resume = 0
15795: preempt = 0
15808: resume = 0
15823: stop = 0
15919: start = 0
15939: preempt = 0
15963: resume = 0
15983: stop = 0
16115: start = 0
16130: preempt = 0
16139: resume = 0
16154: preempt = 0
16158: resume = 0
16173: stop = 0
16277: start = 0
16297: preempt = 0
16305: resume = 0
16325: stop = 0
16406: start = 0
16426: preempt = 0
16438: resume = 0
16458: stop = 0
16595: start = 0
16666: stop = 0
16745: start = 0
16765: preempt = 0
16769: resume = 0
16789: stop = 0
16848: start = 0
16868: preempt = 0
16888: resume = 0
16908: stop = 0
16985: start = 0
17000: preempt = 0
17021: resume = 0
17036: preempt = 0
17041: resume = 0
17056: stop = 0
17171: start = 0
17233: stop = 0
17301: start = 0
17375: stop = 0
17482: start = 0
17533: stop = 0
17665: start = 0
17685: preempt = 0
17687: resume = 0
17707: stop = 0
17856: start = 0
17876: preempt = 0
17885: resume = 0
17905: stop = 0
18010: start = 0
18025: preempt = 0
18035: resume = 0
18050: preempt = 0
18067: resume = 0
18082: stop = 0
18154: start = 0
18169: preempt = 0
18188: resume = 0
18203: preempt = 0
18216: resume = 0
18231: stop = 0
18325: start = 0
18375: stop = 0
18469: start = 0
18484: preempt = 0
18501: resume = 0
18516: preempt = 0
18537: resume = 0
18552: stop = 0
18673: start = 0
18693: preempt = 0
18712: resume = 0
18732: stop = 0
18820: start = 0
18879: stop = 0
18990: start = 0
19010: preempt = 0
19011: resume = 0
19031: stop = 0
19117: start = 0
19137: preempt = 0
19149: resume = 0
19169: stop = 0
19287: start = 0
19356: stop = 0
19444: start = 0
19495: stop = 0
19595: start = 0
19650: stop = 0
19708: start = 0
19728: preempt = 0
19731: resume = 0
19751: stop = 0
19848: start = 0
19907: stop = 0
19961: start = 0
19981: preempt = 0
20002: resume = 0
20022: stop = 0
20150: start = 0
20165: preempt = 0
20166: resume = 0
20181: preempt = 0
20193: resume = 0
20208: stop = 0
20312: start = 0
20332: preempt = 0
20357: resume = 0
20377: stop = 0
20494: start = 0
20509: preempt = 0
20527: resume = 0
20542: preempt = 0
20566: resume = 0
20581: stop = 0
20674: start = 0
20694: preempt = 0
20708: resume = 0
20728: stop = 0
20855: start = 0
20870: preempt = 0
20894: resume = 0
20909: preempt = 0
20928: resume = 0
20943: stop = 0
21035: start = 0
21050: preempt = 0
21067: resume = 0
21082: preempt = 0
21105: resume = 0
21120: stop = 0
21177: start = 0
21235: stop = 0
21380: start = 0
21439: stop = 0
21492: start = 0
21512: preempt = 0
21522: resume = 0
21542: stop = 0
21679: start = 0
21699: preempt = 0
21724: resume = 0
21744: stop = 0
21884: start = 0
21899: preempt = 0
21918: resume = 0
21933: preempt = 0
21943: resume = 0
21958: stop = 0
22075: start = 0
22090: preempt = 0
22101: resume = 0
22116: preempt = 0
22123: resume = 0
22138: stop = 0
22194: start = 0
22248: stop = 0
22333: start = 0
22348: preempt = 0
22353: resume = 0
22368: preempt = 0
22391: resume = 0
22406: stop = 0
22483: start = 0
22541: stop = 0
22667: start = 0
22682: preempt = 0
22688: resume = 0
22703: preempt = 0
22715: resume = 0
22730: stop = 0
22816: start = 0
22831: preempt = 0
22856: resume = 0
22871: preempt = 0
22882: resume = 0
22897: stop = 0
22977: start = 0
22992: preempt = 0
23003: resume = 0
23018: preempt = 0
23028: resume = 0
23043: stop = 0
23165: start = 0
23185: preempt = 0
23204: resume = 0
23224: stop = 0
23309: start = 0
23361: stop = 0
23430: start = 0
23445: preempt = 0
23470: resume = 0
23485: preempt = 0
23493: resume = 0
23508: stop = 0
23581: start = 0
23601: preempt = 0
23618: resume = 0
23638: stop = 0
23769: start = 0
23834: stop = 0
23910: start = 0
23972: stop = 0
24062: start = 0
24082: preempt = 0
24087: resume = 0
24107: stop = 0
24177: start = 0
24197: preempt = 0
24198: resume = 0
24218: stop = 0
24347: start = 0
24407: stop = 0
24499: start = 0
24519: preempt = 0
24525: resume = 0
24545: stop = 0
24647: start = 0
24667: preempt = 0
24681: resume = 0
24701: stop = 0
24830: start = 0
24850: preempt = 0
24864: resume = 0
24884: stop = 0
25003: start = 0
25018: preempt = 0
25040: resume = 0
25055: preempt = 0
25075: resume = 0
25090: stop = 0
25231: start = 0
25246: preempt = 0
25263: resume = 0
25278: preempt = 0
25293: resume = 0
25308: stop = 0
25384: start = 0
25404: preempt = 0
25420: resume = 0
25440: stop = 0
25531: start = 0
25582: stop = 0
25667: start = 0
25687: preempt = 0
25690: resume = 0
25710: stop = 0
25766: start = 0
25781: preempt = 0
25782: resume = 0
25797: preempt = 0
25819: resume = 0
25834: stop = 0
25951: start = 0
25966: preempt = 0
25985: resume = 0
26000: preempt = 0
26017: resume = 0
26032: stop = 0
26146: start = 0
26207: stop = 0
26259: start = 0
26279: preempt = 0
26300: resume = 0
26320: stop = 0
26414: start = 0
26434: preempt = 0
26450: resume = 0
26470: stop = 0
26617: start = 0
26681: stop = 0
26775: start = 0
26790: preempt = 0
26794: resume = 0
26809: preempt = 0
26830: resume = 0
26845: stop = 0
26960: start = 0
27015: stop = 0
27094: start = 0
27114: preempt = 0
27115: resume = 0
27135: stop = 0
27227: start = 0
27247: preempt = 0
27256: resume = 0
27276: stop = 0
27348: start = 0
27411: stop = 0
27523: start = 0
27538: preempt = 0
27541: resume = 0
27556: preempt = 0
27567: resume = 0
27582: stop = 0
27663: start = 0
27678: preempt = 0
27679: resume = 0
27694: preempt = 0
27714: resume = 0
27729: stop = 0
27812: start = 0
27832: preempt = 0
27848: resume = 0
27868: stop = 0
27989: start = 0
28009: preempt = 0
28032: resume = 0
28052: stop = 0
28198: start = 0
28254: stop = 0
28325: start = 0
28345: preempt = 0
28361: resume = 0
28381: stop = 0
28444: start = 0
28464: preempt = 0
28465: resume = 0
28485: stop = 0
28600: start = 0
28620: preempt = 0
28631: resume = 0
28651: stop = 0
28721: start = 0
28736: preempt = 0
28760: resume = 0
28775: preempt = 0
28789: resume = 0
28804: stop = 0
28875: start = 0
28929: stop = 0
29061: start = 0
29124: stop = 0
29234: start = 0
29298: stop = 0
29415: start = 0
29488: stop = 0
29567: start = 0
29587: preempt = 0
29612: resume = 0
29632: stop = 0
29781: start = 0
29796: preempt = 0
29802: resume = 0
29817: preempt = 0
29828: resume = 0
29843: stop = 0
29973: start = 0
29993: preempt = 0
29999: resume = 0
30019: stop = 0
30101: start = 0
30116: preempt = 0
30124: resume = 0
30139: preempt = 0
30164: resume = 0
30179: stop = 0
30240: start = 0
30260: preempt = 0
30269: resume = 0
30289: stop = 0
30437: start = 0
30457: preempt = 0
30480: resume = 0
30500: stop = 0
30593: start = 0
30662: stop = 0
30799: start = 0
30814: preempt = 0
30824: resume = 0
30839: preempt = 0
30850: resume = 0
30865: stop = 0
30919: start = 0
30973: stop = 0
31109: start = 0
31124: preempt = 0
31141: resume = 0
31156: preempt = 0
31167: resume = 0
31182: stop = 0
31248: start = 0
31268: preempt = 0
31277: resume = 0
31297: stop = 0
31410: start = 0
31425: preempt = 0
31439: resume = 0
31454: preempt = 0
31474: resume = 0
31489: stop = 0
31591: start = 0
31606: preempt = 0
31615: resume = 0
31630: preempt = 0
31646: resume = 0
31661: stop = 0
31781: start = 0
31801: preempt = 0
31823: resume = 0
31843: stop = 0
31987: start = 0
32040: stop = 0
32120: start = 0
32140: preempt = 0
32144: resume = 0
32164: stop = 0
32223: start = 0
32238: preempt = 0
32257: resume = 0
32272: preempt = 0
32277: resume = 0
32292: stop = 0
32350: start = 0
32365: preempt = 0
32390: resume = 0
32405: preempt = 0
32413: resume = 0
32428: stop = 0
32504: start = 0
32519: preempt = 0
32525: resume = 0
32540: preempt = 0
32553: resume = 0
32568: stop = 0
32707: start = 0
32722: preempt = 0
32743: resume = 0
32758: preempt = 0
32770: resume = 0
32785: stop = 0
32910: start = 0
32965: stop = 0
33041: start = 0
33056: preempt = 0
33067: resume = 0
33082: preempt = 0
33088: resume = 0
33103: stop = 0
33156: start = 0
33171: preempt = 0
33196: resume = 0
33211: preempt = 0
33226: resume = 0
33241: stop = 0
33376: start = 0
33447: stop = 0
33516: start = 0
33573: stop = 0
33662: start = 0
33677: preempt = 0
33681: resume = 0
33696: preempt = 0
33717: resume = 0
33732: stop = 0
33813: start = 0
33833: preempt = 0
33837: resume = 0
33857: stop = 0
34006: start = 0
34078: stop = 0
34155: start = 0
34222: stop = 0
34292: start = 0
34359: stop = 0
34489: start = 0
34504: preempt = 0
34516: resume = 0
34531: preempt = 0
34546: resume = 0
34561: stop = 0
34668: start = 0
34683: preempt = 0
34708: resume = 0
34723: preempt = 0
34729: resume = 0
34744: stop = 0
34826: start = 0
34846: preempt = 0
34860: resume = 0
34880: stop = 0
34960: start = 0
35019: stop = 0
35097: start = 0
35170: stop = 0
35318: start = 0
35368: stop = 0
35442: start = 0
35457: preempt = 0
35462: resume = 0
35477: preempt = 0
35492: resume = 0
35507: stop = 0
35566: start = 0
35586: preempt = 0
35611: resume = 0
35631: stop = 0
35762: start = 0
35833: stop = 0
35982: start = 0
36002: preempt = 0
36006: resume = 0
36026: stop = 0
36129: start = 0
36149: preempt = 0
36162: resume = 0
36182: stop = 0
36234: start = 0
36296: stop = 0
36348: start = 0
36363: preempt = 0
36382: resume = 0
36397: preempt = 0
36399: resume = 0
36414: stop = 0
36542: start = 0
36557: preempt = 0
36578: resume = 0
36593: preempt = 0
36608: resume = 0
36623: stop = 0
36740: start = 0
36760: preempt = 0
36778: resume = 0
36798: stop = 0
36890: start = 0
36954: stop = 0
37043: start = 0
37058: preempt = 0
37076: resume = 0
37091: preempt = 0
37092: resume = 0
37107: stop = 0
37177: start = 0
37229: stop = 0
37321: start = 0
37372: stop = 0
37488: start = 0
37548: stop = 0
37616: start = 0
37636: preempt = 0
37640: resume = 0
37660: stop = 0
37726: start = 0
37787: stop = 0
37861: start = 0
37876: preempt = 0
37900: resume = 0
37915: preempt = 0
37917: resume = 0
37932: stop = 0
38032: start = 0
38052: preempt = 0
38076: resume = 0
38096: stop = 0
38156: start = 0
38171: preempt = 0
38192: resume = 0
38207: preempt = 0
38209: resume = 0
38224: stop = 0
38354: start = 0
38374: preempt = 0
38379: resume = 0
38399: stop = 0
38484: start = 0
38544: stop = 0
38633: start = 0
38653: preempt = 0
38678: resume = 0
38698: stop = 0
38764: start = 0
38784: preempt = 0
38797: resume = 0
38817: stop = 0
38936: start = 0
38988: stop = 0
39080: start = 0
39137: stop = 0
39230: start = 0
39245: preempt = 0
39246: resume = 0
39261: preempt = 0
39265: resume = 0
39280: stop = 0
39398: start = 0
39418: preempt = 0
39443: resume = 0
39463: stop = 0
39529: start = 0
39544: preempt = 0
39559: resume = 0
39574: preempt = 0
39598: resume = 0
39613: stop = 0
39689: start = 0
39739: stop = 0
